mode: set
gowise/pkg/assertlib/sliceassert/sliceassert.go:13.63,17.82 3 1
gowise/pkg/assertlib/sliceassert/sliceassert.go:17.82,20.3 2 0
gowise/pkg/assertlib/sliceassert/sliceassert.go:22.2,22.46 1 1
gowise/pkg/assertlib/sliceassert/sliceassert.go:22.46,25.3 2 0
gowise/pkg/assertlib/sliceassert/sliceassert.go:27.2,27.41 1 1
gowise/pkg/assertlib/sliceassert/sliceassert.go:27.41,28.95 1 1
gowise/pkg/assertlib/sliceassert/sliceassert.go:28.95,31.4 2 0
gowise/pkg/interfaces/testoutput/testoutput.go:28.85,36.2 1 1
gowise/pkg/interfaces/testoutput/testoutput.go:40.57,43.2 2 0
gowise/pkg/interfaces/testoutput/testoutput.go:48.38,51.2 2 1
gowise/pkg/interfaces/testoutput/testoutput.go:56.59,59.43 3 1
gowise/pkg/interfaces/testoutput/testoutput.go:59.43,61.3 1 0
gowise/pkg/interfaces/testoutput/testoutput.go:62.2,62.12 1 1
gowise/pkg/interfaces/testattachment/testattachment.go:28.78,30.51 1 1
gowise/pkg/interfaces/testattachment/testattachment.go:30.51,32.3 1 0
gowise/pkg/interfaces/testattachment/testattachment.go:35.2,36.16 2 1
gowise/pkg/interfaces/testattachment/testattachment.go:36.16,38.3 1 0
gowise/pkg/interfaces/testattachment/testattachment.go:41.2,49.8 2 1
gowise/pkg/interfaces/testattachment/testattachment.go:55.46,56.20 1 1
gowise/pkg/interfaces/testattachment/testattachment.go:56.20,58.3 1 0
gowise/pkg/interfaces/testattachment/testattachment.go:61.2,62.16 2 1
gowise/pkg/interfaces/testattachment/testattachment.go:62.16,63.25 1 0
gowise/pkg/interfaces/testattachment/testattachment.go:63.25,65.4 1 0
gowise/pkg/interfaces/testattachment/testattachment.go:66.3,66.13 1 0
gowise/pkg/interfaces/testattachment/testattachment.go:70.2,71.16 2 1
gowise/pkg/interfaces/testattachment/testattachment.go:71.16,73.3 1 0
gowise/pkg/interfaces/testattachment/testattachment.go:74.2,74.34 1 1
gowise/pkg/interfaces/testattachment/testattachment.go:74.34,76.3 1 0
gowise/pkg/interfaces/testattachment/testattachment.go:79.2,80.16 2 1
gowise/pkg/interfaces/testattachment/testattachment.go:80.16,82.3 1 0
gowise/pkg/interfaces/testattachment/testattachment.go:83.2,85.12 2 1
gowise/pkg/interfaces/testmessage/testmessage.go:22.70,28.2 1 1
gowise/pkg/interfaces/testmessage/testmessage.go:33.41,35.2 1 1
gowise/pkg/interfaces/testmessage/testmessage.go:40.48,42.16 2 1
gowise/pkg/interfaces/testmessage/testmessage.go:42.16,44.3 1 0
gowise/pkg/interfaces/testmessage/testmessage.go:45.2,45.26 1 1
gowise/pkg/assertions/assertions.go:36.33,38.2 1 1
gowise/pkg/assertions/assertions.go:41.54,42.42 1 1
gowise/pkg/assertions/assertions.go:42.42,44.3 1 0
gowise/pkg/assertions/assertions.go:48.57,49.41 1 1
gowise/pkg/assertions/assertions.go:49.41,51.3 1 1
gowise/pkg/assertions/assertions.go:55.35,56.12 1 1
gowise/pkg/assertions/assertions.go:56.12,58.3 1 1
gowise/pkg/assertions/assertions.go:62.36,63.11 1 1
gowise/pkg/assertions/assertions.go:63.11,65.3 1 0
gowise/pkg/assertions/assertions.go:69.76,71.2 1 1
gowise/pkg/assertions/assertions.go:74.33,76.2 1 1
gowise/pkg/assertions/assertions.go:79.41,80.19 1 0
gowise/pkg/assertions/assertions.go:80.19,82.3 1 0
gowise/pkg/assertions/assertions.go:86.44,87.18 1 0
gowise/pkg/assertions/assertions.go:87.18,89.3 1 0
gowise/pkg/assertions/assertions.go:93.36,94.18 1 0
gowise/pkg/assertions/assertions.go:94.18,96.3 1 0
gowise/pkg/assertions/assertions.go:98.2,99.109 2 0
gowise/pkg/assertions/assertions.go:99.109,101.3 1 0
gowise/pkg/assertions/assertions.go:103.2,103.14 1 0
gowise/pkg/assertions/assertions.go:107.56,110.42 2 0
gowise/pkg/assertions/assertions.go:111.36,112.45 1 0
gowise/pkg/assertions/assertions.go:112.45,113.68 1 0
gowise/pkg/assertions/assertions.go:113.68,115.5 1 0
gowise/pkg/assertions/assertions.go:117.22,118.58 1 0
gowise/pkg/assertions/assertions.go:118.58,120.4 1 0
gowise/pkg/assertions/assertions.go:123.2,123.55 1 0
gowise/pkg/assertions/assertions.go:127.42,128.14 1 0
gowise/pkg/assertions/assertions.go:128.14,130.3 1 0
gowise/pkg/assertions/assertions.go:134.39,135.14 1 0
gowise/pkg/assertions/assertions.go:135.14,137.3 1 0
gowise/pkg/assertions/assertions.go:141.46,142.35 1 0
gowise/pkg/assertions/assertions.go:142.35,144.3 1 0
gowise/pkg/assertions/assertions.go:148.46,149.35 1 0
gowise/pkg/assertions/assertions.go:149.35,151.3 1 0
gowise/pkg/assertions/assertions.go:155.59,156.39 1 0
gowise/pkg/assertions/assertions.go:156.39,158.3 1 0
gowise/pkg/assertions/assertions.go:162.63,163.65 1 0
gowise/pkg/assertions/assertions.go:163.65,165.3 1 0
gowise/pkg/assertions/assertions.go:169.46,170.62 1 0
gowise/pkg/assertions/assertions.go:170.62,172.3 1 0
gowise/pkg/assertions/assertions.go:176.37,177.16 1 0
gowise/pkg/assertions/assertions.go:177.16,179.3 1 0
gowise/pkg/assertions/assertions.go:183.52,184.56 1 0
gowise/pkg/assertions/assertions.go:184.56,186.3 1 0
gowise/pkg/assertions/assertions.go:190.45,192.26 2 0
gowise/pkg/assertions/assertions.go:193.65,194.40 1 0
gowise/pkg/assertions/assertions.go:194.40,196.4 1 0
gowise/pkg/assertions/assertions.go:197.10,198.56 1 0
gowise/pkg/assertions/assertions.go:203.48,205.26 2 0
gowise/pkg/assertions/assertions.go:206.65,207.40 1 0
gowise/pkg/assertions/assertions.go:207.40,209.4 1 0
gowise/pkg/assertions/assertions.go:210.10,211.59 1 0
gowise/pkg/assertions/assertions.go:216.58,218.26 2 0
gowise/pkg/assertions/assertions.go:219.65,220.50 1 0
gowise/pkg/assertions/assertions.go:220.50,222.4 1 0
gowise/pkg/assertions/assertions.go:223.10,224.52 1 0
gowise/pkg/assertions/assertions.go:229.63,232.43 3 0
gowise/pkg/assertions/assertions.go:232.43,234.3 1 0
gowise/pkg/assertions/assertions.go:238.44,239.27 1 0
gowise/pkg/assertions/assertions.go:240.38,241.13 1 0
gowise/pkg/assertions/assertions.go:241.13,243.4 1 0
gowise/pkg/assertions/assertions.go:244.43,245.13 1 0
gowise/pkg/assertions/assertions.go:245.13,247.4 1 0
gowise/pkg/assertions/assertions.go:248.24,249.13 1 0
gowise/pkg/assertions/assertions.go:249.13,251.4 1 0
gowise/pkg/assertions/assertions.go:252.17,253.18 1 0
gowise/pkg/assertions/assertions.go:253.18,255.4 1 0
gowise/pkg/assertions/assertions.go:256.10,257.55 1 0
gowise/pkg/assertions/assertions.go:262.47,263.27 1 0
gowise/pkg/assertions/assertions.go:264.38,265.13 1 0
gowise/pkg/assertions/assertions.go:265.13,267.4 1 0
gowise/pkg/assertions/assertions.go:268.43,269.13 1 0
gowise/pkg/assertions/assertions.go:269.13,271.4 1 0
gowise/pkg/assertions/assertions.go:272.24,273.13 1 0
gowise/pkg/assertions/assertions.go:273.13,275.4 1 0
gowise/pkg/assertions/assertions.go:276.17,277.17 1 0
gowise/pkg/assertions/assertions.go:277.17,279.4 1 0
gowise/pkg/assertions/assertions.go:280.10,281.58 1 0
gowise/pkg/assertions/assertions.go:286.70,287.32 1 0
gowise/pkg/assertions/assertions.go:287.32,289.3 1 0
gowise/pkg/assertions/assertions.go:293.52,294.60 1 0
gowise/pkg/assertions/assertions.go:294.60,296.3 1 0
gowise/pkg/assertions/assertions.go:300.35,301.15 1 0
gowise/pkg/assertions/assertions.go:301.15,302.31 1 0
gowise/pkg/assertions/assertions.go:302.31,304.4 1 0
gowise/pkg/assertions/assertions.go:307.2,307.5 1 0
gowise/pkg/assertions/assertions.go:311.61,312.15 1 0
gowise/pkg/assertions/assertions.go:312.15,313.36 1 0
gowise/pkg/assertions/assertions.go:313.36,315.4 1 0
gowise/pkg/assertions/assertions.go:318.2,318.5 1 0
gowise/pkg/assertions/assertions.go:322.38,323.15 1 0
gowise/pkg/assertions/assertions.go:323.15,324.31 1 0
gowise/pkg/assertions/assertions.go:324.31,326.4 1 0
gowise/pkg/assertions/assertions.go:329.2,329.5 1 0
gowise/pkg/assertions/assertions.go:333.44,334.16 1 0
gowise/pkg/assertions/assertions.go:334.16,336.3 1 0
gowise/pkg/assertions/assertions.go:340.81,341.16 1 0
gowise/pkg/assertions/assertions.go:341.16,343.3 1 0
gowise/pkg/assertions/assertions.go:347.68,348.37 1 0
gowise/pkg/assertions/assertions.go:348.37,350.3 1 0
gowise/pkg/assertions/assertions.go:354.53,359.2 4 0
gowise/pkg/assertions/assertions.go:362.68,363.43 1 0
gowise/pkg/assertions/assertions.go:363.43,365.3 1 0
gowise/pkg/assertions/assertions.go:369.80,370.90 1 0
gowise/pkg/assertions/assertions.go:370.90,372.3 1 0
gowise/pkg/assertions/assertions.go:376.73,378.47 2 0
gowise/pkg/assertions/assertions.go:378.47,380.3 1 0
gowise/pkg/assertions/assertions.go:384.71,386.71 2 0
gowise/pkg/assertions/assertions.go:386.71,388.3 1 0
gowise/pkg/assertions/assertions.go:392.54,393.61 1 0
gowise/pkg/assertions/assertions.go:393.61,395.3 1 0
gowise/pkg/assertions/assertions.go:399.53,400.61 1 0
gowise/pkg/assertions/assertions.go:400.61,402.3 1 0
gowise/pkg/assertions/assertions.go:406.57,407.61 1 0
gowise/pkg/assertions/assertions.go:407.61,409.3 1 0
gowise/pkg/assertions/assertions.go:413.57,414.61 1 0
gowise/pkg/assertions/assertions.go:414.61,416.3 1 0
gowise/pkg/assertions/assertions.go:420.79,425.2 4 0
gowise/pkg/assertions/assertions.go:428.66,430.44 2 0
gowise/pkg/assertions/assertions.go:430.44,431.26 1 0
gowise/pkg/assertions/assertions.go:431.26,433.9 2 0
gowise/pkg/assertions/assertions.go:436.2,436.16 1 0
gowise/pkg/assertions/assertions.go:436.16,438.3 1 0
gowise/pkg/assertions/assertions.go:442.83,444.9 2 0
gowise/pkg/assertions/assertions.go:444.9,446.3 1 0
gowise/pkg/assertions/assertions.go:446.8,448.32 2 0
gowise/pkg/assertions/assertions.go:448.32,449.25 1 0
gowise/pkg/assertions/assertions.go:449.25,451.10 2 0
gowise/pkg/assertions/assertions.go:454.3,454.13 1 0
gowise/pkg/assertions/assertions.go:454.13,456.4 1 0
gowise/pkg/assertions/assertions.go:460.66,463.16 3 0
gowise/pkg/assertions/assertions.go:463.16,465.3 1 0
gowise/pkg/assertions/assertions.go:466.2,467.23 2 0
gowise/pkg/assertions/assertions.go:467.23,469.3 1 0
gowise/pkg/assertions/assertions.go:472.40,473.32 1 0
gowise/pkg/assertions/assertions.go:473.32,475.3 1 0
gowise/pkg/assertions/assertions.go:478.51,479.36 1 0
gowise/pkg/assertions/assertions.go:479.36,481.3 1 0
gowise/pkg/assertions/assertions.go:484.42,485.49 1 0
gowise/pkg/assertions/assertions.go:485.49,487.3 1 0
gowise/pkg/assertions/assertions.go:490.47,492.41 2 0
gowise/pkg/assertions/assertions.go:492.41,494.3 1 0
gowise/pkg/logging/logging.go:40.43,45.2 1 1
gowise/pkg/logging/logging.go:49.42,50.24 1 1
gowise/pkg/logging/logging.go:50.24,52.3 1 1
gowise/pkg/logging/logging.go:56.38,57.25 1 1
gowise/pkg/logging/logging.go:57.25,59.3 1 1
gowise/pkg/logging/logging.go:73.34,78.2 1 0
gowise/pkg/logging/logging.go:81.46,83.2 1 0
gowise/pkg/logging/logging.go:86.42,89.2 1 0
gowise/pkg/parser/gprc/grpcparser.go:56.58,59.20 2 1
gowise/pkg/parser/gprc/grpcparser.go:59.20,61.3 1 0
gowise/pkg/parser/gprc/grpcparser.go:63.2,72.30 4 1
gowise/pkg/parser/gprc/grpcparser.go:72.30,74.17 2 1
gowise/pkg/parser/gprc/grpcparser.go:74.17,76.4 1 0
gowise/pkg/parser/gprc/grpcparser.go:77.3,77.27 1 1
gowise/pkg/parser/gprc/grpcparser.go:80.2,80.22 1 1
gowise/pkg/reporter/reporter.go:23.60,25.16 2 1
gowise/pkg/reporter/reporter.go:25.16,27.3 1 0
gowise/pkg/reporter/reporter.go:29.2,31.8 1 1
gowise/pkg/reporter/reporter.go:37.69,40.2 2 1
gowise/pkg/reporter/reporter.go:45.72,47.16 2 1
gowise/pkg/reporter/reporter.go:47.16,49.3 1 0
gowise/pkg/reporter/reporter.go:51.2,52.12 2 1
gowise/pkg/reporter/reporter.go:58.81,63.2 2 1
gowise/pkg/reporter/reporter.go:67.34,68.44 1 1
gowise/pkg/reporter/reporter.go:68.44,70.3 1 1
gowise/pkg/reporter/reporter.go:71.2,71.12 1 0
gowise/pkg/reporter/reporter.go:88.34,95.2 1 0
gowise/pkg/reporter/reporter.go:100.62,102.57 2 0
gowise/pkg/reporter/reporter.go:102.57,104.3 1 0
gowise/pkg/reporter/reporter.go:104.8,106.3 1 0
gowise/pkg/reporter/reporter.go:107.2,107.39 1 0
gowise/pkg/interfaces/teststatus/teststatus.go:18.36,19.11 1 1
gowise/pkg/interfaces/teststatus/teststatus.go:20.14,21.18 1 1
gowise/pkg/interfaces/teststatus/teststatus.go:22.14,23.18 1 1
gowise/pkg/interfaces/teststatus/teststatus.go:24.10,25.19 1 1
gowise/pkg/testrunner/testrunner.go:47.139,54.2 1 1
gowise/pkg/testrunner/testrunner.go:63.134,66.43 2 1
gowise/pkg/testrunner/testrunner.go:66.43,78.40 8 1
gowise/pkg/testrunner/testrunner.go:78.40,81.25 3 1
gowise/pkg/testrunner/testrunner.go:81.25,83.5 1 1
gowise/pkg/testrunner/testrunner.go:83.10,85.5 1 0
gowise/pkg/testrunner/testrunner.go:86.4,86.18 1 1
gowise/pkg/testrunner/testrunner.go:86.18,88.5 1 0
gowise/pkg/testrunner/testrunner.go:89.9,91.4 1 1
gowise/pkg/testrunner/testrunner.go:94.3,95.62 2 1
gowise/pkg/testrunner/testrunner.go:95.62,97.4 1 0
gowise/pkg/testrunner/testrunner.go:99.3,99.31 1 1
gowise/pkg/testrunner/testrunner.go:102.2,104.22 2 1
gowise/pkg/testrunner/testrunner.go:109.61,112.36 2 1
gowise/pkg/testrunner/testrunner.go:112.36,114.3 1 1
gowise/pkg/testrunner/testrunner.go:116.2,116.15 1 1
gowise/pkg/testrunner/testrunner.go:120.30,124.2 3 1
gowise/pkg/parser/swagger/swparser.go:108.51,110.2 1 0
gowise/pkg/parser/swagger/swparser.go:113.53,115.2 1 0
gowise/pkg/parser/swagger/swparser.go:118.53,120.2 1 0
gowise/pkg/parser/swagger/swparser.go:126.103,127.56 1 1
gowise/pkg/parser/swagger/swparser.go:127.56,129.3 1 0
gowise/pkg/parser/swagger/swparser.go:130.2,130.41 1 1
gowise/pkg/parser/swagger/swparser.go:130.41,132.3 1 1
gowise/pkg/parser/swagger/swparser.go:133.2,133.12 1 1
gowise/pkg/parser/swagger/swparser.go:140.70,142.41 1 1
gowise/pkg/parser/swagger/swparser.go:142.41,144.3 1 1
gowise/pkg/parser/swagger/swparser.go:147.2,147.73 1 1
gowise/pkg/parser/swagger/swparser.go:147.73,149.3 1 0
gowise/pkg/parser/swagger/swparser.go:151.2,152.16 2 1
gowise/pkg/parser/swagger/swparser.go:152.16,154.3 1 1
gowise/pkg/parser/swagger/swparser.go:156.2,157.61 2 1
gowise/pkg/parser/swagger/swparser.go:157.61,159.3 1 1
gowise/pkg/parser/swagger/swparser.go:161.2,162.9 2 1
gowise/pkg/parser/swagger/swparser.go:162.9,164.10 2 1
gowise/pkg/parser/swagger/swparser.go:164.10,166.11 2 1
gowise/pkg/parser/swagger/swparser.go:166.11,168.5 1 1
gowise/pkg/parser/swagger/swparser.go:172.2,172.17 1 1
gowise/pkg/parser/swagger/swparser.go:173.13,175.85 2 1
gowise/pkg/parser/swagger/swparser.go:175.85,177.11 2 1
gowise/pkg/parser/swagger/swparser.go:177.11,179.5 1 0
gowise/pkg/parser/swagger/swparser.go:180.4,180.101 1 1
gowise/pkg/parser/swagger/swparser.go:180.101,182.5 1 1
gowise/pkg/parser/swagger/swparser.go:183.4,183.14 1 1
gowise/pkg/parser/swagger/swparser.go:185.3,185.17 1 1
gowise/pkg/parser/swagger/swparser.go:185.17,187.4 1 1
gowise/pkg/parser/swagger/swparser.go:188.3,188.27 1 1
gowise/pkg/parser/swagger/swparser.go:190.13,192.86 2 1
gowise/pkg/parser/swagger/swparser.go:192.86,194.11 2 1
gowise/pkg/parser/swagger/swparser.go:194.11,196.5 1 0
gowise/pkg/parser/swagger/swparser.go:197.4,197.99 1 1
gowise/pkg/parser/swagger/swparser.go:197.99,199.5 1 1
gowise/pkg/parser/swagger/swparser.go:200.4,200.14 1 1
gowise/pkg/parser/swagger/swparser.go:202.3,202.17 1 1
gowise/pkg/parser/swagger/swparser.go:202.17,204.4 1 1
gowise/pkg/parser/swagger/swparser.go:205.3,205.28 1 1
gowise/pkg/parser/swagger/swparser.go:207.15,209.86 2 1
gowise/pkg/parser/swagger/swparser.go:209.86,211.11 2 1
gowise/pkg/parser/swagger/swparser.go:211.11,213.5 1 0
gowise/pkg/parser/swagger/swparser.go:214.4,214.104 1 1
gowise/pkg/parser/swagger/swparser.go:214.104,216.5 1 1
gowise/pkg/parser/swagger/swparser.go:217.4,217.14 1 1
gowise/pkg/parser/swagger/swparser.go:219.3,219.17 1 1
gowise/pkg/parser/swagger/swparser.go:219.17,221.4 1 1
gowise/pkg/parser/swagger/swparser.go:222.3,222.28 1 1
gowise/pkg/parser/swagger/swparser.go:224.10,225.69 1 1
